2022-06-08 11:03:24,297 [main] INFO  c.c.p.PostProcessingApplication                    - Starting PostProcessingApplication using Java 1.8.0_131 on HTCLT2438 with PID 23076 (C:\Users\kumar.charanswain\Desktop\postprocessing-latest-code-06062022\postprocessing-deployment\target\classes started by kumar.charanswain in C:\Users\kumar.charanswain\Desktop\postprocessing-latest-code-06062022\postprocessing-deployment)
2022-06-08 11:03:24,312 [main] INFO  c.c.p.PostProcessingApplication                    - No active profile set, falling back to 1 default profile: "default"
2022-06-08 11:03:25,181 [main] INFO  o.s.cloud.context.scope.GenericScope               - BeanFactory id=906ce29f-0a4e-3067-81d7-4347f853df96
2022-06-08 11:03:25,196 [main] INFO  c.u.j.c.EnableEncryptablePropertiesBeanFactoryPostProcessor - Post-processing PropertySource instances
2022-06-08 11:03:25,262 [main] INFO  c.u.j.EncryptablePropertySourceConverter           - Converting PropertySource configurationProperties [org.springframework.boot.context.properties.source.ConfigurationPropertySourcesPropertySource] to AOP Proxy
2022-06-08 11:03:25,263 [main] INFO  c.u.j.EncryptablePropertySourceConverter           - Converting PropertySource servletConfigInitParams [org.springframework.core.env.PropertySource$StubPropertySource] to EncryptablePropertySourceWrapper
2022-06-08 11:03:25,264 [main] INFO  c.u.j.EncryptablePropertySourceConverter           - Converting PropertySource servletContextInitParams [org.springframework.core.env.PropertySource$StubPropertySource] to EncryptablePropertySourceWrapper
2022-06-08 11:03:25,264 [main] INFO  c.u.j.EncryptablePropertySourceConverter           - Converting PropertySource systemProperties [org.springframework.core.env.PropertiesPropertySource] to EncryptableMapPropertySourceWrapper
2022-06-08 11:03:25,265 [main] INFO  c.u.j.EncryptablePropertySourceConverter           - Converting PropertySource systemEnvironment [org.springframework.boot.env.SystemEnvironmentPropertySourceEnvironmentPostProcessor$OriginAwareSystemEnvironmentPropertySource] to EncryptableSystemEnvironmentPropertySourceWrapper
2022-06-08 11:03:25,265 [main] INFO  c.u.j.EncryptablePropertySourceConverter           - Converting PropertySource random [org.springframework.boot.env.RandomValuePropertySource] to EncryptablePropertySourceWrapper
2022-06-08 11:03:25,265 [main] INFO  c.u.j.EncryptablePropertySourceConverter           - Converting PropertySource cachedrandom [org.springframework.cloud.util.random.CachedRandomPropertySource] to EncryptablePropertySourceWrapper
2022-06-08 11:03:25,266 [main] INFO  c.u.j.EncryptablePropertySourceConverter           - Converting PropertySource springCloudClientHostInfo [org.springframework.core.env.MapPropertySource] to EncryptableMapPropertySourceWrapper
2022-06-08 11:03:25,266 [main] INFO  c.u.j.EncryptablePropertySourceConverter           - Converting PropertySource Config resource 'file [application.properties]' via location 'application.properties' [org.springframework.boot.env.OriginTrackedMapPropertySource] to EncryptableMapPropertySourceWrapper
2022-06-08 11:03:25,266 [main] INFO  c.u.j.EncryptablePropertySourceConverter           - Converting PropertySource defaultProperties [org.springframework.boot.DefaultPropertiesPropertySource] to EncryptableMapPropertySourceWrapper
2022-06-08 11:03:25,480 [main] INFO  c.u.j.filter.DefaultLazyPropertyFilter             - Property Filter custom Bean not found with name 'encryptablePropertyFilter'. Initializing Default Property Filter
2022-06-08 11:03:25,731 [main] INFO  o.s.b.w.embedded.tomcat.TomcatWebServer            - Tomcat initialized with port(s): 8080 (http)
2022-06-08 11:03:25,741 [main] INFO  o.apache.coyote.http11.Http11NioProtocol           - Initializing ProtocolHandler ["http-nio-8080"]
2022-06-08 11:03:25,742 [main] INFO  org.apache.catalina.core.StandardService           - Starting service [Tomcat]
2022-06-08 11:03:25,742 [main] INFO  org.apache.catalina.core.StandardEngine            - Starting Servlet engine: [Apache Tomcat/9.0.58]
2022-06-08 11:03:26,007 [main] INFO  o.a.c.c.C.[Tomcat].[localhost].[/]                 - Initializing Spring embedded WebApplicationContext
2022-06-08 11:03:26,008 [main] INFO  o.s.b.w.s.c.ServletWebServerApplicationContext     - Root WebApplicationContext: initialization completed in 1607 ms
2022-06-08 11:03:26,020 [main] INFO  c.u.j.r.DefaultLazyPropertyResolver                - Property Resolver custom Bean not found with name 'encryptablePropertyResolver'. Initializing Default Property Resolver
2022-06-08 11:03:26,024 [main] INFO  c.u.j.d.DefaultLazyPropertyDetector                - Property Detector custom Bean not found with name 'encryptablePropertyDetector'. Initializing Default Property Detector
2022-06-08 11:03:26,292 [main] INFO  c.u.j.encryptor.DefaultLazyEncryptor               - String Encryptor custom Bean not found with name 'jasyptStringEncryptor'. Initializing Default String Encryptor
2022-06-08 11:03:26,312 [main] INFO  c.u.j.encryptor.DefaultLazyEncryptor               - Encryptor config not found for property jasypt.encryptor.key-obtention-iterations, using default value: 1000
2022-06-08 11:03:26,314 [main] INFO  c.u.j.encryptor.DefaultLazyEncryptor               - Encryptor config not found for property jasypt.encryptor.pool-size, using default value: 1
2022-06-08 11:03:26,315 [main] INFO  c.u.j.encryptor.DefaultLazyEncryptor               - Encryptor config not found for property jasypt.encryptor.provider-name, using default value: null
2022-06-08 11:03:26,316 [main] INFO  c.u.j.encryptor.DefaultLazyEncryptor               - Encryptor config not found for property jasypt.encryptor.provider-class-name, using default value: null
2022-06-08 11:03:26,318 [main] INFO  c.u.j.encryptor.DefaultLazyEncryptor               - Encryptor config not found for property jasypt.encryptor.salt-generator-classname, using default value: org.jasypt.salt.RandomSaltGenerator
2022-06-08 11:03:26,322 [main] INFO  c.u.j.encryptor.DefaultLazyEncryptor               - Encryptor config not found for property jasypt.encryptor.string-output-type, using default value: base64
2022-06-08 11:03:26,979 [main] INFO  o.s.b.a.s.s.UserDetailsServiceAutoConfiguration    - 

Using generated security password: e593516d-1c68-4d4d-af30-d0629b6be7d9

2022-06-08 11:03:27,124 [main] INFO  o.s.s.web.DefaultSecurityFilterChain               - Will not secure any request
2022-06-08 11:03:27,529 [main] INFO  o.apache.coyote.http11.Http11NioProtocol           - Starting ProtocolHandler ["http-nio-8080"]
2022-06-08 11:03:27,553 [main] INFO  o.s.b.w.embedded.tomcat.TomcatWebServer            - Tomcat started on port(s): 8080 (http) with context path ''
2022-06-08 11:03:27,893 [main] INFO  c.c.p.PostProcessingApplication                    - Started PostProcessingApplication in 4.569 seconds (JVM running for 11.045)
2022-06-08 11:04:00,004 [scheduling-1] INFO  c.c.p.scheduler.PostProcessingScheduler            - pcl batch deployment using eclipse IDE:testing
2022-06-08 11:04:00,007 [scheduling-1] INFO  c.c.p.scheduler.PostProcessingScheduler            - pcl batch execution time:2022-06-08_11.04.00
2022-06-08 11:04:00,056 [scheduling-1] INFO  c.a.c.i.jackson.JacksonVersion                     - Package versions: jackson-annotations=2.13.1, jackson-core=2.13.1, jackson-databind=2.13.1, jackson-dataformat-xml=2.13.1, jackson-datatype-jsr310=2.13.1, azure-core=1.25.0, Troubleshooting version conflicts: https://aka.ms/azsdk/java/dependency/troubleshoot
2022-06-08 11:04:06,629 [scheduling-1] INFO  c.c.p.scheduler.PostProcessingScheduler            - process file details:20220215063904W006543278FTbmkF_PG.pdf
2022-06-08 11:04:25,991 [scheduling-1] INFO  c.c.p.scheduler.PostProcessingScheduler            - logFile file:postprocessing_2022-06-08.log
2022-06-08 11:04:31,663 [scheduling-1] INFO  c.c.p.scheduler.PostProcessingScheduler            - smartcomm post processing successfully
2022-06-08 11:04:31,664 [scheduling-1] INFO  c.c.p.scheduler.PostProcessingScheduler            - smartcomm post processing successfully
2022-06-08 11:05:00,002 [scheduling-1] INFO  c.c.p.scheduler.PostProcessingScheduler            - archive batch deployment using eclipse IDE:testing
2022-06-08 11:05:00,005 [scheduling-1] INFO  c.c.p.scheduler.PostProcessingScheduler            - archive batch execution time:2022-06-08_11.05.00
2022-06-08 11:05:06,253 [scheduling-1] INFO  c.c.p.scheduler.PostProcessingScheduler            - post processing archive completed successfully
2022-06-08 11:10:36,416 [main] INFO  c.c.p.PostProcessingApplication                    - Starting PostProcessingApplication using Java 1.8.0_131 on HTCLT2438 with PID 19988 (C:\Users\kumar.charanswain\Desktop\postprocessing-latest-code-06062022\postprocessing-deployment\target\classes started by kumar.charanswain in C:\Users\kumar.charanswain\Desktop\postprocessing-latest-code-06062022\postprocessing-deployment)
2022-06-08 11:10:36,434 [main] INFO  c.c.p.PostProcessingApplication                    - No active profile set, falling back to 1 default profile: "default"
2022-06-08 11:10:37,277 [main] INFO  o.s.cloud.context.scope.GenericScope               - BeanFactory id=906ce29f-0a4e-3067-81d7-4347f853df96
2022-06-08 11:10:37,293 [main] INFO  c.u.j.c.EnableEncryptablePropertiesBeanFactoryPostProcessor - Post-processing PropertySource instances
2022-06-08 11:10:37,354 [main] INFO  c.u.j.EncryptablePropertySourceConverter           - Converting PropertySource configurationProperties [org.springframework.boot.context.properties.source.ConfigurationPropertySourcesPropertySource] to AOP Proxy
2022-06-08 11:10:37,355 [main] INFO  c.u.j.EncryptablePropertySourceConverter           - Converting PropertySource servletConfigInitParams [org.springframework.core.env.PropertySource$StubPropertySource] to EncryptablePropertySourceWrapper
2022-06-08 11:10:37,355 [main] INFO  c.u.j.EncryptablePropertySourceConverter           - Converting PropertySource servletContextInitParams [org.springframework.core.env.PropertySource$StubPropertySource] to EncryptablePropertySourceWrapper
2022-06-08 11:10:37,355 [main] INFO  c.u.j.EncryptablePropertySourceConverter           - Converting PropertySource systemProperties [org.springframework.core.env.PropertiesPropertySource] to EncryptableMapPropertySourceWrapper
2022-06-08 11:10:37,357 [main] INFO  c.u.j.EncryptablePropertySourceConverter           - Converting PropertySource systemEnvironment [org.springframework.boot.env.SystemEnvironmentPropertySourceEnvironmentPostProcessor$OriginAwareSystemEnvironmentPropertySource] to EncryptableSystemEnvironmentPropertySourceWrapper
2022-06-08 11:10:37,357 [main] INFO  c.u.j.EncryptablePropertySourceConverter           - Converting PropertySource random [org.springframework.boot.env.RandomValuePropertySource] to EncryptablePropertySourceWrapper
2022-06-08 11:10:37,357 [main] INFO  c.u.j.EncryptablePropertySourceConverter           - Converting PropertySource cachedrandom [org.springframework.cloud.util.random.CachedRandomPropertySource] to EncryptablePropertySourceWrapper
2022-06-08 11:10:37,357 [main] INFO  c.u.j.EncryptablePropertySourceConverter           - Converting PropertySource springCloudClientHostInfo [org.springframework.core.env.MapPropertySource] to EncryptableMapPropertySourceWrapper
2022-06-08 11:10:37,357 [main] INFO  c.u.j.EncryptablePropertySourceConverter           - Converting PropertySource Config resource 'file [application.properties]' via location 'application.properties' [org.springframework.boot.env.OriginTrackedMapPropertySource] to EncryptableMapPropertySourceWrapper
2022-06-08 11:10:37,357 [main] INFO  c.u.j.EncryptablePropertySourceConverter           - Converting PropertySource defaultProperties [org.springframework.boot.DefaultPropertiesPropertySource] to EncryptableMapPropertySourceWrapper
2022-06-08 11:10:37,519 [main] INFO  c.u.j.filter.DefaultLazyPropertyFilter             - Property Filter custom Bean not found with name 'encryptablePropertyFilter'. Initializing Default Property Filter
2022-06-08 11:10:37,745 [main] INFO  o.s.b.w.embedded.tomcat.TomcatWebServer            - Tomcat initialized with port(s): 8080 (http)
2022-06-08 11:10:37,757 [main] INFO  o.apache.coyote.http11.Http11NioProtocol           - Initializing ProtocolHandler ["http-nio-8080"]
2022-06-08 11:10:37,757 [main] INFO  org.apache.catalina.core.StandardService           - Starting service [Tomcat]
2022-06-08 11:10:37,758 [main] INFO  org.apache.catalina.core.StandardEngine            - Starting Servlet engine: [Apache Tomcat/9.0.58]
2022-06-08 11:10:38,001 [main] INFO  o.a.c.c.C.[Tomcat].[localhost].[/]                 - Initializing Spring embedded WebApplicationContext
2022-06-08 11:10:38,002 [main] INFO  o.s.b.w.s.c.ServletWebServerApplicationContext     - Root WebApplicationContext: initialization completed in 1513 ms
2022-06-08 11:10:38,014 [main] INFO  c.u.j.r.DefaultLazyPropertyResolver                - Property Resolver custom Bean not found with name 'encryptablePropertyResolver'. Initializing Default Property Resolver
2022-06-08 11:10:38,018 [main] INFO  c.u.j.d.DefaultLazyPropertyDetector                - Property Detector custom Bean not found with name 'encryptablePropertyDetector'. Initializing Default Property Detector
2022-06-08 11:10:38,304 [main] INFO  c.u.j.encryptor.DefaultLazyEncryptor               - String Encryptor custom Bean not found with name 'jasyptStringEncryptor'. Initializing Default String Encryptor
2022-06-08 11:10:38,326 [main] INFO  c.u.j.encryptor.DefaultLazyEncryptor               - Encryptor config not found for property jasypt.encryptor.key-obtention-iterations, using default value: 1000
2022-06-08 11:10:38,328 [main] INFO  c.u.j.encryptor.DefaultLazyEncryptor               - Encryptor config not found for property jasypt.encryptor.pool-size, using default value: 1
2022-06-08 11:10:38,331 [main] INFO  c.u.j.encryptor.DefaultLazyEncryptor               - Encryptor config not found for property jasypt.encryptor.provider-name, using default value: null
2022-06-08 11:10:38,334 [main] INFO  c.u.j.encryptor.DefaultLazyEncryptor               - Encryptor config not found for property jasypt.encryptor.provider-class-name, using default value: null
2022-06-08 11:10:38,335 [main] INFO  c.u.j.encryptor.DefaultLazyEncryptor               - Encryptor config not found for property jasypt.encryptor.salt-generator-classname, using default value: org.jasypt.salt.RandomSaltGenerator
2022-06-08 11:10:38,338 [main] INFO  c.u.j.encryptor.DefaultLazyEncryptor               - Encryptor config not found for property jasypt.encryptor.string-output-type, using default value: base64
2022-06-08 11:10:39,032 [main] INFO  o.s.b.a.s.s.UserDetailsServiceAutoConfiguration    - 

Using generated security password: ea0faa49-09bb-4179-bbe7-e780baf76e50

2022-06-08 11:10:39,173 [main] INFO  o.s.s.web.DefaultSecurityFilterChain               - Will not secure any request
2022-06-08 11:10:39,557 [main] INFO  o.apache.coyote.http11.Http11NioProtocol           - Starting ProtocolHandler ["http-nio-8080"]
2022-06-08 11:10:39,579 [main] INFO  o.s.b.w.embedded.tomcat.TomcatWebServer            - Tomcat started on port(s): 8080 (http) with context path ''
2022-06-08 11:10:39,880 [main] INFO  c.c.p.PostProcessingApplication                    - Started PostProcessingApplication in 4.382 seconds (JVM running for 7.422)
2022-06-08 11:13:25,202 [http-nio-8080-exec-1] INFO  o.a.c.c.C.[Tomcat].[localhost].[/]                 - Initializing Spring DispatcherServlet 'dispatcherServlet'
2022-06-08 11:13:25,203 [http-nio-8080-exec-1] INFO  o.s.web.servlet.DispatcherServlet                  - Initializing Servlet 'dispatcherServlet'
2022-06-08 11:13:25,205 [http-nio-8080-exec-1] INFO  o.s.web.servlet.DispatcherServlet                  - Completed initialization in 1 ms
2022-06-08 11:35:52,863 [main] INFO  c.c.p.PostProcessingApplication                    - Starting PostProcessingApplication using Java 1.8.0_131 on HTCLT2438 with PID 24680 (C:\Users\kumar.charanswain\Desktop\postprocessing-latest-code-06062022\postprocessing-deployment\target\classes started by kumar.charanswain in C:\Users\kumar.charanswain\Desktop\postprocessing-latest-code-06062022\postprocessing-deployment)
2022-06-08 11:35:52,880 [main] INFO  c.c.p.PostProcessingApplication                    - No active profile set, falling back to 1 default profile: "default"
2022-06-08 11:35:53,634 [main] INFO  o.s.cloud.context.scope.GenericScope               - BeanFactory id=f5c1172f-922a-38f0-bf71-f81076bbab2a
2022-06-08 11:35:53,650 [main] INFO  c.u.j.c.EnableEncryptablePropertiesBeanFactoryPostProcessor - Post-processing PropertySource instances
2022-06-08 11:35:53,710 [main] INFO  c.u.j.EncryptablePropertySourceConverter           - Converting PropertySource configurationProperties [org.springframework.boot.context.properties.source.ConfigurationPropertySourcesPropertySource] to AOP Proxy
2022-06-08 11:35:53,711 [main] INFO  c.u.j.EncryptablePropertySourceConverter           - Converting PropertySource servletConfigInitParams [org.springframework.core.env.PropertySource$StubPropertySource] to EncryptablePropertySourceWrapper
2022-06-08 11:35:53,711 [main] INFO  c.u.j.EncryptablePropertySourceConverter           - Converting PropertySource servletContextInitParams [org.springframework.core.env.PropertySource$StubPropertySource] to EncryptablePropertySourceWrapper
2022-06-08 11:35:53,712 [main] INFO  c.u.j.EncryptablePropertySourceConverter           - Converting PropertySource systemProperties [org.springframework.core.env.PropertiesPropertySource] to EncryptableMapPropertySourceWrapper
2022-06-08 11:35:53,712 [main] INFO  c.u.j.EncryptablePropertySourceConverter           - Converting PropertySource systemEnvironment [org.springframework.boot.env.SystemEnvironmentPropertySourceEnvironmentPostProcessor$OriginAwareSystemEnvironmentPropertySource] to EncryptableSystemEnvironmentPropertySourceWrapper
2022-06-08 11:35:53,713 [main] INFO  c.u.j.EncryptablePropertySourceConverter           - Converting PropertySource random [org.springframework.boot.env.RandomValuePropertySource] to EncryptablePropertySourceWrapper
2022-06-08 11:35:53,713 [main] INFO  c.u.j.EncryptablePropertySourceConverter           - Converting PropertySource cachedrandom [org.springframework.cloud.util.random.CachedRandomPropertySource] to EncryptablePropertySourceWrapper
2022-06-08 11:35:53,713 [main] INFO  c.u.j.EncryptablePropertySourceConverter           - Converting PropertySource springCloudClientHostInfo [org.springframework.core.env.MapPropertySource] to EncryptableMapPropertySourceWrapper
2022-06-08 11:35:53,713 [main] INFO  c.u.j.EncryptablePropertySourceConverter           - Converting PropertySource Config resource 'file [application.properties]' via location 'application.properties' [org.springframework.boot.env.OriginTrackedMapPropertySource] to EncryptableMapPropertySourceWrapper
2022-06-08 11:35:53,714 [main] INFO  c.u.j.EncryptablePropertySourceConverter           - Converting PropertySource defaultProperties [org.springframework.boot.DefaultPropertiesPropertySource] to EncryptableMapPropertySourceWrapper
2022-06-08 11:35:53,903 [main] INFO  c.u.j.filter.DefaultLazyPropertyFilter             - Property Filter custom Bean not found with name 'encryptablePropertyFilter'. Initializing Default Property Filter
2022-06-08 11:35:54,127 [main] INFO  o.s.b.w.embedded.tomcat.TomcatWebServer            - Tomcat initialized with port(s): 8080 (http)
2022-06-08 11:35:54,138 [main] INFO  o.apache.coyote.http11.Http11NioProtocol           - Initializing ProtocolHandler ["http-nio-8080"]
2022-06-08 11:35:54,138 [main] INFO  org.apache.catalina.core.StandardService           - Starting service [Tomcat]
2022-06-08 11:35:54,139 [main] INFO  org.apache.catalina.core.StandardEngine            - Starting Servlet engine: [Apache Tomcat/9.0.58]
2022-06-08 11:35:54,361 [main] INFO  o.a.c.c.C.[Tomcat].[localhost].[/]                 - Initializing Spring embedded WebApplicationContext
2022-06-08 11:35:54,362 [main] INFO  o.s.b.w.s.c.ServletWebServerApplicationContext     - Root WebApplicationContext: initialization completed in 1416 ms
2022-06-08 11:35:54,377 [main] INFO  c.u.j.r.DefaultLazyPropertyResolver                - Property Resolver custom Bean not found with name 'encryptablePropertyResolver'. Initializing Default Property Resolver
2022-06-08 11:35:54,382 [main] INFO  c.u.j.d.DefaultLazyPropertyDetector                - Property Detector custom Bean not found with name 'encryptablePropertyDetector'. Initializing Default Property Detector
2022-06-08 11:35:54,605 [main] INFO  c.u.j.encryptor.DefaultLazyEncryptor               - String Encryptor custom Bean not found with name 'jasyptStringEncryptor'. Initializing Default String Encryptor
2022-06-08 11:35:54,625 [main] INFO  c.u.j.encryptor.DefaultLazyEncryptor               - Encryptor config not found for property jasypt.encryptor.key-obtention-iterations, using default value: 1000
2022-06-08 11:35:54,626 [main] INFO  c.u.j.encryptor.DefaultLazyEncryptor               - Encryptor config not found for property jasypt.encryptor.pool-size, using default value: 1
2022-06-08 11:35:54,627 [main] INFO  c.u.j.encryptor.DefaultLazyEncryptor               - Encryptor config not found for property jasypt.encryptor.provider-name, using default value: null
2022-06-08 11:35:54,628 [main] INFO  c.u.j.encryptor.DefaultLazyEncryptor               - Encryptor config not found for property jasypt.encryptor.provider-class-name, using default value: null
2022-06-08 11:35:54,629 [main] INFO  c.u.j.encryptor.DefaultLazyEncryptor               - Encryptor config not found for property jasypt.encryptor.salt-generator-classname, using default value: org.jasypt.salt.RandomSaltGenerator
2022-06-08 11:35:54,631 [main] INFO  c.u.j.encryptor.DefaultLazyEncryptor               - Encryptor config not found for property jasypt.encryptor.string-output-type, using default value: base64
2022-06-08 11:35:55,619 [main] INFO  o.apache.coyote.http11.Http11NioProtocol           - Starting ProtocolHandler ["http-nio-8080"]
2022-06-08 11:35:55,641 [main] INFO  o.s.b.w.embedded.tomcat.TomcatWebServer            - Tomcat started on port(s): 8080 (http) with context path ''
2022-06-08 11:35:55,996 [main] INFO  c.c.p.PostProcessingApplication                    - Started PostProcessingApplication in 4.085 seconds (JVM running for 7.074)
2022-06-08 11:37:24,635 [http-nio-8080-exec-4] INFO  o.a.c.c.C.[Tomcat].[localhost].[/]                 - Initializing Spring DispatcherServlet 'dispatcherServlet'
2022-06-08 11:37:24,636 [http-nio-8080-exec-4] INFO  o.s.web.servlet.DispatcherServlet                  - Initializing Servlet 'dispatcherServlet'
2022-06-08 11:37:24,638 [http-nio-8080-exec-4] INFO  o.s.web.servlet.DispatcherServlet                  - Completed initialization in 1 ms
2022-06-08 19:23:03,650 [main] INFO  c.c.p.PostProcessingApplication                    - Starting PostProcessingApplication using Java 1.8.0_131 on HTCLT2438 with PID 3280 (C:\Users\kumar.charanswain\Desktop\postprocessing-latest-code-06062022\postprocessing-deployment\target\classes started by kumar.charanswain in C:\Users\kumar.charanswain\Desktop\postprocessing-latest-code-06062022\postprocessing-deployment)
2022-06-08 19:23:03,678 [main] INFO  c.c.p.PostProcessingApplication                    - No active profile set, falling back to 1 default profile: "default"
2022-06-08 19:23:04,510 [main] INFO  o.s.cloud.context.scope.GenericScope               - BeanFactory id=f5c1172f-922a-38f0-bf71-f81076bbab2a
2022-06-08 19:23:04,528 [main] INFO  c.u.j.c.EnableEncryptablePropertiesBeanFactoryPostProcessor - Post-processing PropertySource instances
2022-06-08 19:23:04,612 [main] INFO  c.u.j.EncryptablePropertySourceConverter           - Converting PropertySource configurationProperties [org.springframework.boot.context.properties.source.ConfigurationPropertySourcesPropertySource] to AOP Proxy
2022-06-08 19:23:04,614 [main] INFO  c.u.j.EncryptablePropertySourceConverter           - Converting PropertySource servletConfigInitParams [org.springframework.core.env.PropertySource$StubPropertySource] to EncryptablePropertySourceWrapper
2022-06-08 19:23:04,614 [main] INFO  c.u.j.EncryptablePropertySourceConverter           - Converting PropertySource servletContextInitParams [org.springframework.core.env.PropertySource$StubPropertySource] to EncryptablePropertySourceWrapper
2022-06-08 19:23:04,615 [main] INFO  c.u.j.EncryptablePropertySourceConverter           - Converting PropertySource systemProperties [org.springframework.core.env.PropertiesPropertySource] to EncryptableMapPropertySourceWrapper
2022-06-08 19:23:04,616 [main] INFO  c.u.j.EncryptablePropertySourceConverter           - Converting PropertySource systemEnvironment [org.springframework.boot.env.SystemEnvironmentPropertySourceEnvironmentPostProcessor$OriginAwareSystemEnvironmentPropertySource] to EncryptableSystemEnvironmentPropertySourceWrapper
2022-06-08 19:23:04,616 [main] INFO  c.u.j.EncryptablePropertySourceConverter           - Converting PropertySource random [org.springframework.boot.env.RandomValuePropertySource] to EncryptablePropertySourceWrapper
2022-06-08 19:23:04,616 [main] INFO  c.u.j.EncryptablePropertySourceConverter           - Converting PropertySource cachedrandom [org.springframework.cloud.util.random.CachedRandomPropertySource] to EncryptablePropertySourceWrapper
2022-06-08 19:23:04,617 [main] INFO  c.u.j.EncryptablePropertySourceConverter           - Converting PropertySource springCloudClientHostInfo [org.springframework.core.env.MapPropertySource] to EncryptableMapPropertySourceWrapper
2022-06-08 19:23:04,617 [main] INFO  c.u.j.EncryptablePropertySourceConverter           - Converting PropertySource Config resource 'file [application.properties]' via location 'application.properties' [org.springframework.boot.env.OriginTrackedMapPropertySource] to EncryptableMapPropertySourceWrapper
2022-06-08 19:23:04,617 [main] INFO  c.u.j.EncryptablePropertySourceConverter           - Converting PropertySource defaultProperties [org.springframework.boot.DefaultPropertiesPropertySource] to EncryptableMapPropertySourceWrapper
2022-06-08 19:23:04,858 [main] INFO  c.u.j.filter.DefaultLazyPropertyFilter             - Property Filter custom Bean not found with name 'encryptablePropertyFilter'. Initializing Default Property Filter
2022-06-08 19:23:05,151 [main] INFO  o.s.b.w.embedded.tomcat.TomcatWebServer            - Tomcat initialized with port(s): 8080 (http)
2022-06-08 19:23:05,166 [main] INFO  o.apache.coyote.http11.Http11NioProtocol           - Initializing ProtocolHandler ["http-nio-8080"]
2022-06-08 19:23:05,167 [main] INFO  org.apache.catalina.core.StandardService           - Starting service [Tomcat]
2022-06-08 19:23:05,168 [main] INFO  org.apache.catalina.core.StandardEngine            - Starting Servlet engine: [Apache Tomcat/9.0.58]
2022-06-08 19:23:05,455 [main] INFO  o.a.c.c.C.[Tomcat].[localhost].[/]                 - Initializing Spring embedded WebApplicationContext
2022-06-08 19:23:05,455 [main] INFO  o.s.b.w.s.c.ServletWebServerApplicationContext     - Root WebApplicationContext: initialization completed in 1711 ms
2022-06-08 19:23:05,472 [main] INFO  c.u.j.r.DefaultLazyPropertyResolver                - Property Resolver custom Bean not found with name 'encryptablePropertyResolver'. Initializing Default Property Resolver
2022-06-08 19:23:05,478 [main] INFO  c.u.j.d.DefaultLazyPropertyDetector                - Property Detector custom Bean not found with name 'encryptablePropertyDetector'. Initializing Default Property Detector
2022-06-08 19:23:05,728 [main] INFO  c.u.j.encryptor.DefaultLazyEncryptor               - String Encryptor custom Bean not found with name 'jasyptStringEncryptor'. Initializing Default String Encryptor
2022-06-08 19:23:05,757 [main] INFO  c.u.j.encryptor.DefaultLazyEncryptor               - Encryptor config not found for property jasypt.encryptor.key-obtention-iterations, using default value: 1000
2022-06-08 19:23:05,758 [main] INFO  c.u.j.encryptor.DefaultLazyEncryptor               - Encryptor config not found for property jasypt.encryptor.pool-size, using default value: 1
2022-06-08 19:23:05,759 [main] INFO  c.u.j.encryptor.DefaultLazyEncryptor               - Encryptor config not found for property jasypt.encryptor.provider-name, using default value: null
2022-06-08 19:23:05,760 [main] INFO  c.u.j.encryptor.DefaultLazyEncryptor               - Encryptor config not found for property jasypt.encryptor.provider-class-name, using default value: null
2022-06-08 19:23:05,761 [main] INFO  c.u.j.encryptor.DefaultLazyEncryptor               - Encryptor config not found for property jasypt.encryptor.salt-generator-classname, using default value: org.jasypt.salt.RandomSaltGenerator
2022-06-08 19:23:05,764 [main] INFO  c.u.j.encryptor.DefaultLazyEncryptor               - Encryptor config not found for property jasypt.encryptor.string-output-type, using default value: base64
2022-06-08 19:23:06,848 [main] INFO  o.apache.coyote.http11.Http11NioProtocol           - Starting ProtocolHandler ["http-nio-8080"]
2022-06-08 19:23:06,884 [main] INFO  o.s.b.w.embedded.tomcat.TomcatWebServer            - Tomcat started on port(s): 8080 (http) with context path ''
2022-06-08 19:23:07,195 [main] INFO  c.c.p.PostProcessingApplication                    - Started PostProcessingApplication in 4.69 seconds (JVM running for 9.302)
